Using pre-set license
Built from '2020.3/staging' branch; Version is '2020.3.0f1 (c7b5465681fb) revision 13088070'; Using compiler version '192528614'; Build Type 'Release'
OS: 'Windows 10 Pro; OS build 19042.1348; Version 2009; 64bit' Language: 'ko' Physical Memory: 8084 MB
BatchMode: 1, IsHumanControllingUs: 0, StartBugReporterOnCrash: 0, Is64bit: 1, IsPro: 0

 COMMAND LINE ARGUMENTS:
C:\Program Files\Unity\Hub\Editor\2020.3.0f1\Editor\Unity.exe
-adb2
-batchMode
-noUpm
-name
AssetImportWorker0
-projectPath
C:/ScriptParse
-logFile
Logs/AssetImportWorker0.log
-srvPort
60922
Successfully changed project path to: C:/ScriptParse
C:/ScriptParse
Using Asset Import Pipeline V2.
Refreshing native plugins compatible for Editor in 25.51 ms, found 0 plugins.
Preloading 0 native plugins for Editor in 0.00 ms.
Initialize engine version: 2020.3.0f1 (c7b5465681fb)
[Subsystems] Discovering subsystems at path C:/Program Files/Unity/Hub/Editor/2020.3.0f1/Editor/Data/Resources/UnitySubsystems
[Subsystems] Discovering subsystems at path C:/ScriptParse/Assets
GfxDevice: creating device client; threaded=0
Direct3D:
    Version:  Direct3D 11.0 [level 11.1]
    Renderer: Intel(R) UHD Graphics 620 (ID=0x3ea0)
    Vendor:   
    VRAM:     4042 MB
    Driver:   27.20.100.8336
Initialize mono
Mono path[0] = 'C:/Program Files/Unity/Hub/Editor/2020.3.0f1/Editor/Data/Managed'
Mono path[1] = 'C:/Program Files/Unity/Hub/Editor/2020.3.0f1/Editor/Data/MonoBleedingEdge/lib/mono/unityjit'
Mono config path = 'C:/Program Files/Unity/Hub/Editor/2020.3.0f1/Editor/Data/MonoBleedingEdge/etc'
Using monoOptions --debugger-agent=transport=dt_socket,embedding=1,server=y,suspend=n,address=127.0.0.1:56452
Begin MonoManager ReloadAssembly
Registering precompiled unity dll's ...
Register platform support module: C:/Program Files/Unity/Hub/Editor/2020.3.0f1/Editor/Data/PlaybackEngines/WindowsStandaloneSupport/UnityEditor.WindowsStandalone.Extensions.dll
Registered in 0.004662 seconds.
Native extension for WindowsStandalone target not found
Refreshing native plugins compatible for Editor in 27.64 ms, found 0 plugins.
Preloading 0 native plugins for Editor in 0.00 ms.
Invoked RoslynAnalysisRunner static constructor.
RoslynAnalysisRunner will not be running.
RoslynAnalysisRunner has terminated.
Mono: successfully reloaded assembly
- Completed reload, in  3.986 seconds
Platform modules already initialized, skipping
Registering precompiled user dll's ...
Registered in 0.007853 seconds.
Begin MonoManager ReloadAssembly
Native extension for WindowsStandalone target not found
Refreshing native plugins compatible for Editor in 0.24 ms, found 0 plugins.
Preloading 0 native plugins for Editor in 0.00 ms.
Invoked RoslynAnalysisRunner static constructor.
RoslynAnalysisRunner will not be running.
RoslynAnalysisRunner has terminated.
Mono: successfully reloaded assembly
- Completed reload, in  1.200 seconds
Platform modules already initialized, skipping
========================================================================
Worker process is ready to serve import requests
Launched and connected shader compiler UnityShaderCompiler.exe after 0.22 seconds
Refreshing native plugins compatible for Editor in 0.24 ms, found 0 plugins.
Preloading 0 native plugins for Editor in 0.00 ms.
Unloading 1127 Unused Serialized files (Serialized files now loaded: 0)
System memory in use before: 59.9 MB.
System memory in use after: 59.9 MB.

Unloading 13 unused Assets to reduce memory usage. Loaded Objects now: 1567.
Total: 2.534400 ms (FindLiveObjects: 0.182400 ms CreateObjectMapping: 0.060900 ms MarkObjects: 2.193100 ms  DeleteObjects: 0.096500 ms)

========================================================================
Received Import Request.
  path: Assets/Editor
  artifactKey: Guid(842a6873ba773604ca9ee02452cd2c32) Importer(815301076,1909f56bfc062723c751e8b465ee728b)
Start importing Assets/Editor using Guid(842a6873ba773604ca9ee02452cd2c32) Importer(815301076,1909f56bfc062723c751e8b465ee728b)  -> (artifact id: '75ccf0e30796a2e66c6b8b6ae08e5228') in 0.019483 seconds
  Import took 0.022883 seconds .

========================================================================
Received Import Request.
  Time since last request: 3.979478 seconds.
  path: Assets/Scripts/AssetBundleBuilder.cs
  artifactKey: Guid(c843612dd986c3049affac63e7fe4bc2) Importer(815301076,1909f56bfc062723c751e8b465ee728b)
Start importing Assets/Scripts/AssetBundleBuilder.cs using Guid(c843612dd986c3049affac63e7fe4bc2) Importer(815301076,1909f56bfc062723c751e8b465ee728b)  -> (artifact id: 'f412bb1cdac3a5fcbb5d731102f4d013') in 0.065206 seconds
  Import took 0.068174 seconds .

========================================================================
Received Prepare
Registering precompiled user dll's ...
Registered in 0.008893 seconds.
Begin MonoManager ReloadAssembly
Native extension for WindowsStandalone target not found
Refreshing native plugins compatible for Editor in 0.32 ms, found 0 plugins.
Preloading 0 native plugins for Editor in 0.00 ms.
Invoked RoslynAnalysisRunner static constructor.
RoslynAnalysisRunner will not be running.
RoslynAnalysisRunner has terminated.
Mono: successfully reloaded assembly
- Completed reload, in  1.950 seconds
Platform modules already initialized, skipping
Refreshing native plugins compatible for Editor in 0.25 ms, found 0 plugins.
Preloading 0 native plugins for Editor in 0.00 ms.
Unloading 1122 Unused Serialized files (Serialized files now loaded: 0)
System memory in use before: 59.8 MB.
System memory in use after: 59.9 MB.

Unloading 8 unused Assets to reduce memory usage. Loaded Objects now: 1570.
Total: 2.669300 ms (FindLiveObjects: 0.511800 ms CreateObjectMapping: 0.140000 ms MarkObjects: 1.959400 ms  DeleteObjects: 0.054700 ms)

========================================================================
Received Prepare
Registering precompiled user dll's ...
Registered in 0.003202 seconds.
Begin MonoManager ReloadAssembly
Native extension for WindowsStandalone target not found
Refreshing native plugins compatible for Editor in 0.38 ms, found 0 plugins.
Preloading 0 native plugins for Editor in 0.00 ms.
Invoked RoslynAnalysisRunner static constructor.
RoslynAnalysisRunner will not be running.
RoslynAnalysisRunner has terminated.
Mono: successfully reloaded assembly
- Completed reload, in  1.308 seconds
Platform modules already initialized, skipping
Refreshing native plugins compatible for Editor in 0.34 ms, found 0 plugins.
Preloading 0 native plugins for Editor in 0.00 ms.
Unloading 1122 Unused Serialized files (Serialized files now loaded: 0)
System memory in use before: 59.9 MB.
System memory in use after: 59.9 MB.

Unloading 8 unused Assets to reduce memory usage. Loaded Objects now: 1573.
Total: 2.092500 ms (FindLiveObjects: 0.303500 ms CreateObjectMapping: 0.143900 ms MarkObjects: 1.555500 ms  DeleteObjects: 0.088300 ms)

========================================================================
Received Import Request.
  Time since last request: 65.592337 seconds.
  path: Assets/AssetBundles/Binary
  artifactKey: Guid(3e84473ba7a0d554aa6ebe49e3a4931f) Importer(815301076,1909f56bfc062723c751e8b465ee728b)
Start importing Assets/AssetBundles/Binary using Guid(3e84473ba7a0d554aa6ebe49e3a4931f) Importer(815301076,1909f56bfc062723c751e8b465ee728b)  -> (artifact id: 'a998bbb82bf3f535ea158feb776f8878') in 0.018430 seconds
  Import took 0.073529 seconds .

========================================================================
Received Import Request.
  Time since last request: 12.080653 seconds.
  path: Assets/AssetBundles/Binary/ItemListBinary.txt
  artifactKey: Guid(49b0c639454d3e14cb5ea4ddd7d3ad75) Importer(815301076,1909f56bfc062723c751e8b465ee728b)
Start importing Assets/AssetBundles/Binary/ItemListBinary.txt using Guid(49b0c639454d3e14cb5ea4ddd7d3ad75) Importer(815301076,1909f56bfc062723c751e8b465ee728b)  -> (artifact id: '5f5ad343d3ef4cac31196e40a6bb8883') in 0.042296 seconds
  Import took 0.046643 seconds .

========================================================================
Received Import Request.
  Time since last request: 7.817622 seconds.
  path: Assets/JsonDotNet
  artifactKey: Guid(700ae7e07609b704fb33152c56bb176e) Importer(815301076,1909f56bfc062723c751e8b465ee728b)
Start importing Assets/JsonDotNet using Guid(700ae7e07609b704fb33152c56bb176e) Importer(815301076,1909f56bfc062723c751e8b465ee728b)  -> (artifact id: 'f1479e27d3ac72e03dd1b428a4982659') in 0.017680 seconds
  Import took 0.072523 seconds .

========================================================================
Received Prepare
Refreshing native plugins compatible for Editor in 1.90 ms, found 0 plugins.
Preloading 0 native plugins for Editor in 0.00 ms.
Unloading 6 Unused Serialized files (Serialized files now loaded: 0)
System memory in use before: 37.8 MB.
System memory in use after: 37.8 MB.

Unloading 6 unused Assets to reduce memory usage. Loaded Objects now: 1573.
Total: 2.189500 ms (FindLiveObjects: 0.186100 ms CreateObjectMapping: 0.055700 ms MarkObjects: 1.876600 ms  DeleteObjects: 0.069800 ms)

========================================================================
Received Import Request.
  Time since last request: 11.681102 seconds.
  path: Assets/AssetBundles/SO
  artifactKey: Guid(f7ef955235ab3634fa346b18ec66ee1f) Importer(815301076,1909f56bfc062723c751e8b465ee728b)
Start importing Assets/AssetBundles/SO using Guid(f7ef955235ab3634fa346b18ec66ee1f) Importer(815301076,1909f56bfc062723c751e8b465ee728b)  -> (artifact id: '8636609d0381196de017ff2515c5bc71') in 0.066771 seconds
  Import took 0.070275 seconds .

========================================================================
Received Prepare
Registering precompiled user dll's ...
Registered in 0.003491 seconds.
Begin MonoManager ReloadAssembly
Native extension for WindowsStandalone target not found
Refreshing native plugins compatible for Editor in 0.62 ms, found 0 plugins.
Preloading 0 native plugins for Editor in 0.00 ms.
Invoked RoslynAnalysisRunner static constructor.
RoslynAnalysisRunner will not be running.
RoslynAnalysisRunner has terminated.
Mono: successfully reloaded assembly
- Completed reload, in  1.963 seconds
Platform modules already initialized, skipping
Refreshing native plugins compatible for Editor in 0.24 ms, found 0 plugins.
Preloading 0 native plugins for Editor in 0.00 ms.
Unloading 1122 Unused Serialized files (Serialized files now loaded: 0)
System memory in use before: 59.9 MB.
System memory in use after: 60.0 MB.

Unloading 8 unused Assets to reduce memory usage. Loaded Objects now: 1576.
Total: 3.741000 ms (FindLiveObjects: 0.663200 ms CreateObjectMapping: 0.140000 ms MarkObjects: 2.791300 ms  DeleteObjects: 0.142700 ms)

========================================================================
Received Import Request.
  Time since last request: 56.111576 seconds.
  path: Assets/AssetBundles/manifest.manifest
  artifactKey: Guid(ccc5b2864af95b7478190cfe7c274e44) Importer(815301076,1909f56bfc062723c751e8b465ee728b)
Start importing Assets/AssetBundles/manifest.manifest using Guid(ccc5b2864af95b7478190cfe7c274e44) Importer(815301076,1909f56bfc062723c751e8b465ee728b)  -> (artifact id: '6539c34ee40513381a94b49c359ddf74') in 0.091889 seconds
  Import took 0.096014 seconds .

========================================================================
Received Import Request.
  Time since last request: 2.000035 seconds.
  path: Assets/AssetBundles/AssetBundles.manifest
  artifactKey: Guid(36d9fcb30e98fa54d85a0a927dd9537b) Importer(815301076,1909f56bfc062723c751e8b465ee728b)
Start importing Assets/AssetBundles/AssetBundles.manifest using Guid(36d9fcb30e98fa54d85a0a927dd9537b) Importer(815301076,1909f56bfc062723c751e8b465ee728b)  -> (artifact id: '7ec5d8431fb4eca8e21bf3a68fdb3a53') in 0.065997 seconds
  Import took 0.071178 seconds .

========================================================================
Received Import Request.
  Time since last request: 2.644213 seconds.
  path: Assets/AssetBundles/manifest
  artifactKey: Guid(04711ec9ce8235741832057d64d83e11) Importer(815301076,1909f56bfc062723c751e8b465ee728b)
Start importing Assets/AssetBundles/manifest using Guid(04711ec9ce8235741832057d64d83e11) Importer(815301076,1909f56bfc062723c751e8b465ee728b)  -> (artifact id: '6d24a8c1cade3e9be2d3a99af800a33a') in 0.007223 seconds
  Import took 0.010905 seconds .

========================================================================
Received Import Request.
  Time since last request: 1.011106 seconds.
  path: Assets/AssetBundles/AssetBundles
  artifactKey: Guid(6b1e16024f2bacd45833ecad1f286ce2) Importer(815301076,1909f56bfc062723c751e8b465ee728b)
Start importing Assets/AssetBundles/AssetBundles using Guid(6b1e16024f2bacd45833ecad1f286ce2) Importer(815301076,1909f56bfc062723c751e8b465ee728b)  -> (artifact id: '950755bac99be4cd9d8a50aeafc8cac2') in 0.007974 seconds
  Import took 0.062873 seconds .

========================================================================
Received Import Request.
  Time since last request: 65.840950 seconds.
  path: Assets/AssetBundles
  artifactKey: Guid(9fd4f38070b4dff45927f679f213f421) Importer(815301076,1909f56bfc062723c751e8b465ee728b)
Start importing Assets/AssetBundles using Guid(9fd4f38070b4dff45927f679f213f421) Importer(815301076,1909f56bfc062723c751e8b465ee728b)  -> (artifact id: '5242f447f6989a3adc21e30fd5b8b4b0') in 0.007271 seconds
  Import took 0.010560 seconds .

========================================================================
Received Import Request.
  Time since last request: 7.859141 seconds.
  path: Assets/AssetBundles/SO/ItemListBinary.asset
  artifactKey: Guid(c2f1cdeb5e110cf45aa23ca18668091b) Importer(815301076,1909f56bfc062723c751e8b465ee728b)
Start importing Assets/AssetBundles/SO/ItemListBinary.asset using Guid(c2f1cdeb5e110cf45aa23ca18668091b) Importer(815301076,1909f56bfc062723c751e8b465ee728b)  -> (artifact id: 'ecf502e8f91c3fd895ee390c1c92cdfa') in 0.072300 seconds
  Import took 0.076393 seconds .

========================================================================
Received Import Request.
  Time since last request: 0.001295 seconds.
  path: Assets/AssetBundles/SO/ItemListSO.asset
  artifactKey: Guid(8f13c3a1d602a95479d6d24ead1a6e71) Importer(815301076,1909f56bfc062723c751e8b465ee728b)
Start importing Assets/AssetBundles/SO/ItemListSO.asset using Guid(8f13c3a1d602a95479d6d24ead1a6e71) Importer(815301076,1909f56bfc062723c751e8b465ee728b)  -> (artifact id: '9fa939feef647f0e1b6fcdee4a58a5aa') in 0.018969 seconds
  Import took 0.023870 seconds .

========================================================================
Received Prepare
Registering precompiled user dll's ...
Registered in 0.005988 seconds.
Begin MonoManager ReloadAssembly
Native extension for WindowsStandalone target not found
Refreshing native plugins compatible for Editor in 0.31 ms, found 0 plugins.
Preloading 0 native plugins for Editor in 0.00 ms.
Invoked RoslynAnalysisRunner static constructor.
RoslynAnalysisRunner will not be running.
RoslynAnalysisRunner has terminated.
Mono: successfully reloaded assembly
- Completed reload, in  1.715 seconds
Platform modules already initialized, skipping
Refreshing native plugins compatible for Editor in 0.34 ms, found 0 plugins.
Preloading 0 native plugins for Editor in 0.00 ms.
Unloading 1122 Unused Serialized files (Serialized files now loaded: 0)
System memory in use before: 59.9 MB.
System memory in use after: 60.0 MB.

Unloading 8 unused Assets to reduce memory usage. Loaded Objects now: 1579.
Total: 4.493100 ms (FindLiveObjects: 0.451700 ms CreateObjectMapping: 0.233500 ms MarkObjects: 3.701900 ms  DeleteObjects: 0.103200 ms)

========================================================================
Received Prepare
Registering precompiled user dll's ...
Registered in 0.005725 seconds.
Begin MonoManager ReloadAssembly
Native extension for WindowsStandalone target not found
Refreshing native plugins compatible for Editor in 0.32 ms, found 0 plugins.
Preloading 0 native plugins for Editor in 0.00 ms.
Invoked RoslynAnalysisRunner static constructor.
RoslynAnalysisRunner will not be running.
RoslynAnalysisRunner has terminated.
Mono: successfully reloaded assembly
- Completed reload, in  1.454 seconds
Platform modules already initialized, skipping
Refreshing native plugins compatible for Editor in 0.37 ms, found 0 plugins.
Preloading 0 native plugins for Editor in 0.00 ms.
Unloading 1122 Unused Serialized files (Serialized files now loaded: 0)
System memory in use before: 59.9 MB.
System memory in use after: 60.0 MB.

Unloading 8 unused Assets to reduce memory usage. Loaded Objects now: 1582.
Total: 4.481400 ms (FindLiveObjects: 0.371900 ms CreateObjectMapping: 0.121300 ms MarkObjects: 3.879400 ms  DeleteObjects: 0.105600 ms)

========================================================================
Received Prepare
Registering precompiled user dll's ...
Registered in 0.003185 seconds.
Begin MonoManager ReloadAssembly
Native extension for WindowsStandalone target not found
Refreshing native plugins compatible for Editor in 1.51 ms, found 0 plugins.
Preloading 0 native plugins for Editor in 0.00 ms.
Invoked RoslynAnalysisRunner static constructor.
RoslynAnalysisRunner will not be running.
RoslynAnalysisRunner has terminated.
Mono: successfully reloaded assembly
- Completed reload, in  1.585 seconds
Platform modules already initialized, skipping
Refreshing native plugins compatible for Editor in 0.52 ms, found 0 plugins.
Preloading 0 native plugins for Editor in 0.00 ms.
Unloading 1122 Unused Serialized files (Serialized files now loaded: 0)
System memory in use before: 59.9 MB.
System memory in use after: 60.0 MB.

Unloading 8 unused Assets to reduce memory usage. Loaded Objects now: 1585.
Total: 4.525700 ms (FindLiveObjects: 0.604600 ms CreateObjectMapping: 0.117200 ms MarkObjects: 3.705500 ms  DeleteObjects: 0.080800 ms)

========================================================================
Received Prepare
Registering precompiled user dll's ...
Registered in 0.007682 seconds.
Begin MonoManager ReloadAssembly
Native extension for WindowsStandalone target not found
Refreshing native plugins compatible for Editor in 0.33 ms, found 0 plugins.
Preloading 0 native plugins for Editor in 0.00 ms.
Invoked RoslynAnalysisRunner static constructor.
RoslynAnalysisRunner will not be running.
RoslynAnalysisRunner has terminated.
Mono: successfully reloaded assembly
- Completed reload, in  1.932 seconds
Platform modules already initialized, skipping
Refreshing native plugins compatible for Editor in 1.46 ms, found 0 plugins.
Preloading 0 native plugins for Editor in 0.00 ms.
Unloading 1122 Unused Serialized files (Serialized files now loaded: 0)
System memory in use before: 59.9 MB.
System memory in use after: 60.0 MB.

Unloading 8 unused Assets to reduce memory usage. Loaded Objects now: 1588.
Total: 2.864900 ms (FindLiveObjects: 0.313000 ms CreateObjectMapping: 0.116400 ms MarkObjects: 2.347700 ms  DeleteObjects: 0.085100 ms)

========================================================================
Received Prepare
Registering precompiled user dll's ...
Registered in 0.005236 seconds.
Begin MonoManager ReloadAssembly
Native extension for WindowsStandalone target not found
Refreshing native plugins compatible for Editor in 0.65 ms, found 0 plugins.
Preloading 0 native plugins for Editor in 0.00 ms.
Invoked RoslynAnalysisRunner static constructor.
RoslynAnalysisRunner will not be running.
RoslynAnalysisRunner has terminated.
Mono: successfully reloaded assembly
- Completed reload, in  1.771 seconds
Platform modules already initialized, skipping
Refreshing native plugins compatible for Editor in 0.26 ms, found 0 plugins.
Preloading 0 native plugins for Editor in 0.00 ms.
Unloading 1122 Unused Serialized files (Serialized files now loaded: 0)
System memory in use before: 59.9 MB.
System memory in use after: 60.0 MB.

Unloading 8 unused Assets to reduce memory usage. Loaded Objects now: 1591.
Total: 3.195000 ms (FindLiveObjects: 0.369600 ms CreateObjectMapping: 0.142100 ms MarkObjects: 2.589100 ms  DeleteObjects: 0.092600 ms)

========================================================================
Received Prepare
Registering precompiled user dll's ...
Registered in 0.003710 seconds.
Begin MonoManager ReloadAssembly
Native extension for WindowsStandalone target not found
Refreshing native plugins compatible for Editor in 0.28 ms, found 0 plugins.
Preloading 0 native plugins for Editor in 0.00 ms.
Invoked RoslynAnalysisRunner static constructor.
RoslynAnalysisRunner will not be running.
RoslynAnalysisRunner has terminated.
Mono: successfully reloaded assembly
- Completed reload, in  1.214 seconds
Platform modules already initialized, skipping
Refreshing native plugins compatible for Editor in 0.23 ms, found 0 plugins.
Preloading 0 native plugins for Editor in 0.00 ms.
Unloading 1122 Unused Serialized files (Serialized files now loaded: 0)
System memory in use before: 59.9 MB.
System memory in use after: 60.0 MB.

Unloading 8 unused Assets to reduce memory usage. Loaded Objects now: 1594.
Total: 3.766800 ms (FindLiveObjects: 0.426100 ms CreateObjectMapping: 0.177600 ms MarkObjects: 2.920800 ms  DeleteObjects: 0.238700 ms)

========================================================================
Received Prepare
Registering precompiled user dll's ...
Registered in 0.015003 seconds.
Begin MonoManager ReloadAssembly
Native extension for WindowsStandalone target not found
Refreshing native plugins compatible for Editor in 0.59 ms, found 0 plugins.
Preloading 0 native plugins for Editor in 0.00 ms.
Invoked RoslynAnalysisRunner static constructor.
RoslynAnalysisRunner will not be running.
RoslynAnalysisRunner has terminated.
Mono: successfully reloaded assembly
- Completed reload, in  3.140 seconds
Platform modules already initialized, skipping
Refreshing native plugins compatible for Editor in 0.66 ms, found 0 plugins.
Preloading 0 native plugins for Editor in 0.00 ms.
Unloading 1122 Unused Serialized files (Serialized files now loaded: 0)
System memory in use before: 60.0 MB.
System memory in use after: 60.0 MB.

Unloading 8 unused Assets to reduce memory usage. Loaded Objects now: 1597.
Total: 4.844300 ms (FindLiveObjects: 0.417200 ms CreateObjectMapping: 0.141800 ms MarkObjects: 4.137200 ms  DeleteObjects: 0.144400 ms)

========================================================================
Received Prepare
Registering precompiled user dll's ...
Registered in 0.010986 seconds.
Begin MonoManager ReloadAssembly
Native extension for WindowsStandalone target not found
Refreshing native plugins compatible for Editor in 0.52 ms, found 0 plugins.
Preloading 0 native plugins for Editor in 0.00 ms.
Invoked RoslynAnalysisRunner static constructor.
RoslynAnalysisRunner will not be running.
RoslynAnalysisRunner has terminated.
Mono: successfully reloaded assembly
- Completed reload, in  2.271 seconds
Platform modules already initialized, skipping
Refreshing native plugins compatible for Editor in 0.54 ms, found 0 plugins.
Preloading 0 native plugins for Editor in 0.00 ms.
Unloading 1122 Unused Serialized files (Serialized files now loaded: 0)
System memory in use before: 60.0 MB.
System memory in use after: 60.0 MB.

Unloading 8 unused Assets to reduce memory usage. Loaded Objects now: 1600.
Total: 3.595400 ms (FindLiveObjects: 0.379800 ms CreateObjectMapping: 0.121400 ms MarkObjects: 3.011000 ms  DeleteObjects: 0.081100 ms)

========================================================================
Received Prepare
Registering precompiled user dll's ...
Registered in 0.009376 seconds.
Begin MonoManager ReloadAssembly
Native extension for WindowsStandalone target not found
Refreshing native plugins compatible for Editor in 0.50 ms, found 0 plugins.
Preloading 0 native plugins for Editor in 0.00 ms.
Invoked RoslynAnalysisRunner static constructor.
RoslynAnalysisRunner will not be running.
RoslynAnalysisRunner has terminated.
Mono: successfully reloaded assembly
- Completed reload, in  3.088 seconds
Platform modules already initialized, skipping
Refreshing native plugins compatible for Editor in 0.60 ms, found 0 plugins.
Preloading 0 native plugins for Editor in 0.00 ms.
Unloading 1122 Unused Serialized files (Serialized files now loaded: 0)
System memory in use before: 60.0 MB.
System memory in use after: 60.0 MB.

Unloading 8 unused Assets to reduce memory usage. Loaded Objects now: 1603.
Total: 4.875600 ms (FindLiveObjects: 0.512100 ms CreateObjectMapping: 0.140900 ms MarkObjects: 4.058400 ms  DeleteObjects: 0.159600 ms)

========================================================================
Received Prepare
Registering precompiled user dll's ...
Registered in 0.008952 seconds.
Begin MonoManager ReloadAssembly
Native extension for WindowsStandalone target not found
Refreshing native plugins compatible for Editor in 0.71 ms, found 0 plugins.
Preloading 0 native plugins for Editor in 0.00 ms.
Invoked RoslynAnalysisRunner static constructor.
RoslynAnalysisRunner will not be running.
RoslynAnalysisRunner has terminated.
Mono: successfully reloaded assembly
- Completed reload, in  2.381 seconds
Platform modules already initialized, skipping
Refreshing native plugins compatible for Editor in 0.44 ms, found 0 plugins.
Preloading 0 native plugins for Editor in 0.00 ms.
Unloading 1122 Unused Serialized files (Serialized files now loaded: 0)
System memory in use before: 60.0 MB.
System memory in use after: 60.0 MB.

Unloading 8 unused Assets to reduce memory usage. Loaded Objects now: 1606.
Total: 4.278800 ms (FindLiveObjects: 0.321100 ms CreateObjectMapping: 0.119600 ms MarkObjects: 3.687400 ms  DeleteObjects: 0.148300 ms)

========================================================================
Received Prepare
Registering precompiled user dll's ...
Registered in 0.010155 seconds.
Begin MonoManager ReloadAssembly
Native extension for WindowsStandalone target not found
Refreshing native plugins compatible for Editor in 0.69 ms, found 0 plugins.
Preloading 0 native plugins for Editor in 0.00 ms.
Invoked RoslynAnalysisRunner static constructor.
RoslynAnalysisRunner will not be running.
RoslynAnalysisRunner has terminated.
Mono: successfully reloaded assembly
- Completed reload, in  3.212 seconds
Platform modules already initialized, skipping
Refreshing native plugins compatible for Editor in 0.34 ms, found 0 plugins.
Preloading 0 native plugins for Editor in 0.00 ms.
Unloading 1122 Unused Serialized files (Serialized files now loaded: 0)
System memory in use before: 60.0 MB.
System memory in use after: 60.0 MB.

Unloading 8 unused Assets to reduce memory usage. Loaded Objects now: 1609.
Total: 3.485700 ms (FindLiveObjects: 0.236600 ms CreateObjectMapping: 0.142100 ms MarkObjects: 2.982400 ms  DeleteObjects: 0.122500 ms)

========================================================================
Received Prepare
Registering precompiled user dll's ...
Registered in 0.016479 seconds.
Begin MonoManager ReloadAssembly
Native extension for WindowsStandalone target not found
Refreshing native plugins compatible for Editor in 0.47 ms, found 0 plugins.
Preloading 0 native plugins for Editor in 0.00 ms.
Invoked RoslynAnalysisRunner static constructor.
RoslynAnalysisRunner will not be running.
RoslynAnalysisRunner has terminated.
Mono: successfully reloaded assembly
- Completed reload, in  2.708 seconds
Platform modules already initialized, skipping
Refreshing native plugins compatible for Editor in 0.44 ms, found 0 plugins.
Preloading 0 native plugins for Editor in 0.00 ms.
Unloading 1122 Unused Serialized files (Serialized files now loaded: 0)
System memory in use before: 60.0 MB.
System memory in use after: 60.0 MB.

Unloading 8 unused Assets to reduce memory usage. Loaded Objects now: 1612.
Total: 4.246900 ms (FindLiveObjects: 0.394300 ms CreateObjectMapping: 0.172900 ms MarkObjects: 3.550300 ms  DeleteObjects: 0.125300 ms)

========================================================================
Received Prepare
Registering precompiled user dll's ...
Registered in 0.010506 seconds.
Begin MonoManager ReloadAssembly
Native extension for WindowsStandalone target not found
Refreshing native plugins compatible for Editor in 0.65 ms, found 0 plugins.
Preloading 0 native plugins for Editor in 0.00 ms.
Invoked RoslynAnalysisRunner static constructor.
RoslynAnalysisRunner will not be running.
RoslynAnalysisRunner has terminated.
Mono: successfully reloaded assembly
- Completed reload, in  3.136 seconds
Platform modules already initialized, skipping
Refreshing native plugins compatible for Editor in 0.80 ms, found 0 plugins.
Preloading 0 native plugins for Editor in 0.00 ms.
Unloading 1122 Unused Serialized files (Serialized files now loaded: 0)
System memory in use before: 60.0 MB.
System memory in use after: 60.1 MB.

Unloading 8 unused Assets to reduce memory usage. Loaded Objects now: 1615.
Total: 5.472000 ms (FindLiveObjects: 0.361600 ms CreateObjectMapping: 0.117600 ms MarkObjects: 4.821600 ms  DeleteObjects: 0.167400 ms)

AssetImportWorkerClient::OnTransportError - code=2 error=End of file
